This file contains any messages produced by compilers while
running configure, to aid debugging if configure makes a mistake.

It was created by Unikey X Input Method configure 0.9.1, which was
generated by GNU Autoconf 2.59.  Invocation command line was

  $ ./configure --with-unikey-gtk

## --------- ##
## Platform. ##
## --------- ##

hostname = long.sh.cvut.cz
uname -m = i686
uname -r = 2.6.0
uname -s = Linux
uname -v = #1 Sun Jan 25 07:01:11 CET 2004

/usr/bin/uname -p = unknown
/bin/uname -X     = unknown

/bin/arch              = i686
/usr/bin/arch -k       = unknown
/usr/convex/getsysinfo = unknown
hostinfo               = unknown
/bin/machine           = unknown
/usr/bin/oslevel       = unknown
/bin/universe          = unknown

PATH: /home/pklong/bin
PATH: /usr/local/bin
PATH: /usr/bin
PATH: /bin
PATH: /usr/bin/X11
PATH: /usr/games


## ----------- ##
## Core tests. ##
## ----------- ##

configure:1560: checking for a BSD-compatible install
configure:1615: result: /usr/bin/install -c
configure:1626: checking whether build environment is sane
configure:1669: result: yes
configure:1702: checking for gawk
configure:1731: result: no
configure:1702: checking for mawk
configure:1718: found /usr/bin/mawk
configure:1728: result: mawk
configure:1738: checking whether make sets $(MAKE)
configure:1758: result: yes
configure:2002: checking build system type
configure:2020: result: i686-pc-linux-gnu
configure:2028: checking host system type
configure:2042: result: i686-pc-linux-gnu
configure:2062: checking for style of include used by make
configure:2090: result: GNU
configure:2161: checking for gcc
configure:2177: found /usr/bin/gcc
configure:2187: result: gcc
configure:2431: checking for C compiler version
configure:2434: gcc --version </dev/null >&5
gcc (GCC) 3.3.2 (Debian)
Copyright (C) 2003 Free Software Foundation, Inc.
This is free software; see the source for copying conditions.  There is NO
warranty; not even for MERCHANTABILITY or FITNESS FOR A PARTICULAR PURPOSE.

configure:2437: $? = 0
configure:2439: gcc -v </dev/null >&5
Reading specs from /usr/lib/gcc-lib/i486-linux/3.3.2/specs
Configured with: ../src/configure -v --enable-languages=c,c++,java,f77,pascal,objc,ada,treelang --prefix=/usr --mandir=/usr/share/man --infodir=/usr/share/info --with-gxx-include-dir=/usr/include/c++/3.3 --enable-shared --with-system-zlib --enable-nls --without-included-gettext --enable-__cxa_atexit --enable-clocale=gnu --enable-debug --enable-java-gc=boehm --enable-java-awt=xlib --enable-objc-gc i486-linux
Thread model: posix
gcc version 3.3.2 (Debian)
configure:2442: $? = 0
configure:2444: gcc -V </dev/null >&5
gcc: `-V' option must have argument
configure:2447: $? = 1
configure:2470: checking for C compiler default output file name
configure:2473: gcc    conftest.c  >&5
configure:2476: $? = 0
configure:2522: result: a.out
configure:2527: checking whether the C compiler works
configure:2533: ./a.out
configure:2536: $? = 0
configure:2553: result: yes
configure:2560: checking whether we are cross compiling
configure:2562: result: no
configure:2565: checking for suffix of executables
configure:2567: gcc -o conftest    conftest.c  >&5
configure:2570: $? = 0
configure:2595: result: 
configure:2601: checking for suffix of object files
configure:2622: gcc -c   conftest.c >&5
configure:2625: $? = 0
configure:2647: result: o
configure:2651: checking whether we are using the GNU C compiler
configure:2675: gcc -c   conftest.c >&5
configure:2681: $? = 0
configure:2684: test -z 			 || test ! -s conftest.err
configure:2687: $? = 0
configure:2690: test -s conftest.o
configure:2693: $? = 0
configure:2706: result: yes
configure:2712: checking whether gcc accepts -g
configure:2733: gcc -c -g  conftest.c >&5
configure:2739: $? = 0
configure:2742: test -z 			 || test ! -s conftest.err
configure:2745: $? = 0
configure:2748: test -s conftest.o
configure:2751: $? = 0
configure:2762: result: yes
configure:2779: checking for gcc option to accept ANSI C
configure:2849: gcc  -c -g -O2  conftest.c >&5
configure:2855: $? = 0
configure:2858: test -z 			 || test ! -s conftest.err
configure:2861: $? = 0
configure:2864: test -s conftest.o
configure:2867: $? = 0
configure:2885: result: none needed
configure:2903: gcc -c -g -O2  conftest.c >&5
conftest.c:2: error: parse error before "me"
configure:2909: $? = 1
configure: failed program was:
| #ifndef __cplusplus
|   choke me
| #endif
configure:3041: checking dependency style of gcc
configure:3124: result: gcc3
configure:3141: checking for a sed that does not truncate output
configure:3195: result: /bin/sed
configure:3198: checking for egrep
configure:3208: result: grep -E
configure:3224: checking for ld used by gcc
configure:3291: result: /usr/bin/ld
configure:3300: checking if the linker (/usr/bin/ld) is GNU ld
configure:3315: result: yes
configure:3320: checking for /usr/bin/ld option to reload object files
configure:3327: result: -r
configure:3336: checking for BSD-compatible nm
configure:3378: result: /usr/bin/nm -B
configure:3382: checking whether ln -s works
configure:3386: result: yes
configure:3393: checking how to recognise dependent libraries
configure:3567: result: pass_all
configure:3780: checking how to run the C preprocessor
configure:3815: gcc -E  conftest.c
configure:3821: $? = 0
configure:3853: gcc -E  conftest.c
conftest.c:11:28: ac_nonexistent.h: No such file or directory
configure:3859: $? = 1
configure: failed program was:
| /* confdefs.h.  */
| 
| #define PACKAGE_NAME "Unikey X Input Method"
| #define PACKAGE_TARNAME "x-unikey"
| #define PACKAGE_VERSION "0.9.1"
| #define PACKAGE_STRING "Unikey X Input Method 0.9.1"
| #define PACKAGE_BUGREPORT "longcz@yahoo.com"
| #define PACKAGE "x-unikey"
| #define VERSION "0.9.1"
| /* end confdefs.h.  */
| #include <ac_nonexistent.h>
configure:3898: result: gcc -E
configure:3922: gcc -E  conftest.c
configure:3928: $? = 0
configure:3960: gcc -E  conftest.c
conftest.c:11:28: ac_nonexistent.h: No such file or directory
configure:3966: $? = 1
configure: failed program was:
| /* confdefs.h.  */
| 
| #define PACKAGE_NAME "Unikey X Input Method"
| #define PACKAGE_TARNAME "x-unikey"
| #define PACKAGE_VERSION "0.9.1"
| #define PACKAGE_STRING "Unikey X Input Method 0.9.1"
| #define PACKAGE_BUGREPORT "longcz@yahoo.com"
| #define PACKAGE "x-unikey"
| #define VERSION "0.9.1"
| /* end confdefs.h.  */
| #include <ac_nonexistent.h>
configure:4010: checking for ANSI C header files
configure:4035: gcc -c -g -O2  conftest.c >&5
configure:4041: $? = 0
configure:4044: test -z 			 || test ! -s conftest.err
configure:4047: $? = 0
configure:4050: test -s conftest.o
configure:4053: $? = 0
configure:4139: gcc -o conftest -g -O2   conftest.c  >&5
configure:4142: $? = 0
configure:4144: ./conftest
configure:4147: $? = 0
configure:4162: result: yes
configure:4186: checking for sys/types.h
configure:4202: gcc -c -g -O2  conftest.c >&5
configure:4208: $? = 0
configure:4211: test -z 			 || test ! -s conftest.err
configure:4214: $? = 0
configure:4217: test -s conftest.o
configure:4220: $? = 0
configure:4231: result: yes
configure:4186: checking for sys/stat.h
configure:4202: gcc -c -g -O2  conftest.c >&5
configure:4208: $? = 0
configure:4211: test -z 			 || test ! -s conftest.err
configure:4214: $? = 0
configure:4217: test -s conftest.o
configure:4220: $? = 0
configure:4231: result: yes
configure:4186: checking for stdlib.h
configure:4202: gcc -c -g -O2  conftest.c >&5
configure:4208: $? = 0
configure:4211: test -z 			 || test ! -s conftest.err
configure:4214: $? = 0
configure:4217: test -s conftest.o
configure:4220: $? = 0
configure:4231: result: yes
configure:4186: checking for string.h
configure:4202: gcc -c -g -O2  conftest.c >&5
configure:4208: $? = 0
configure:4211: test -z 			 || test ! -s conftest.err
configure:4214: $? = 0
configure:4217: test -s conftest.o
configure:4220: $? = 0
configure:4231: result: yes
configure:4186: checking for memory.h
configure:4202: gcc -c -g -O2  conftest.c >&5
configure:4208: $? = 0
configure:4211: test -z 			 || test ! -s conftest.err
configure:4214: $? = 0
configure:4217: test -s conftest.o
configure:4220: $? = 0
configure:4231: result: yes
configure:4186: checking for strings.h
configure:4202: gcc -c -g -O2  conftest.c >&5
configure:4208: $? = 0
configure:4211: test -z 			 || test ! -s conftest.err
configure:4214: $? = 0
configure:4217: test -s conftest.o
configure:4220: $? = 0
configure:4231: result: yes
configure:4186: checking for inttypes.h
configure:4202: gcc -c -g -O2  conftest.c >&5
configure:4208: $? = 0
configure:4211: test -z 			 || test ! -s conftest.err
configure:4214: $? = 0
configure:4217: test -s conftest.o
configure:4220: $? = 0
configure:4231: result: yes
configure:4186: checking for stdint.h
configure:4202: gcc -c -g -O2  conftest.c >&5
configure:4208: $? = 0
configure:4211: test -z 			 || test ! -s conftest.err
configure:4214: $? = 0
configure:4217: test -s conftest.o
configure:4220: $? = 0
configure:4231: result: yes
configure:4186: checking for unistd.h
configure:4202: gcc -c -g -O2  conftest.c >&5
configure:4208: $? = 0
configure:4211: test -z 			 || test ! -s conftest.err
configure:4214: $? = 0
configure:4217: test -s conftest.o
configure:4220: $? = 0
configure:4231: result: yes
configure:4257: checking dlfcn.h usability
configure:4269: gcc -c -g -O2  conftest.c >&5
configure:4275: $? = 0
configure:4278: test -z 			 || test ! -s conftest.err
configure:4281: $? = 0
configure:4284: test -s conftest.o
configure:4287: $? = 0
configure:4297: result: yes
configure:4301: checking dlfcn.h presence
configure:4311: gcc -E  conftest.c
configure:4317: $? = 0
configure:4337: result: yes
configure:4372: checking for dlfcn.h
configure:4379: result: yes
configure:4444: checking for g++
configure:4460: found /usr/bin/g++
configure:4470: result: g++
configure:4486: checking for C++ compiler version
configure:4489: g++ --version </dev/null >&5
g++ (GCC) 3.3.2 (Debian)
Copyright (C) 2003 Free Software Foundation, Inc.
This is free software; see the source for copying conditions.  There is NO
warranty; not even for MERCHANTABILITY or FITNESS FOR A PARTICULAR PURPOSE.

configure:4492: $? = 0
configure:4494: g++ -v </dev/null >&5
Reading specs from /usr/lib/gcc-lib/i486-linux/3.3.2/specs
Configured with: ../src/configure -v --enable-languages=c,c++,java,f77,pascal,objc,ada,treelang --prefix=/usr --mandir=/usr/share/man --infodir=/usr/share/info --with-gxx-include-dir=/usr/include/c++/3.3 --enable-shared --with-system-zlib --enable-nls --without-included-gettext --enable-__cxa_atexit --enable-clocale=gnu --enable-debug --enable-java-gc=boehm --enable-java-awt=xlib --enable-objc-gc i486-linux
Thread model: posix
gcc version 3.3.2 (Debian)
configure:4497: $? = 0
configure:4499: g++ -V </dev/null >&5
g++: `-V' option must have argument
configure:4502: $? = 1
configure:4505: checking whether we are using the GNU C++ compiler
configure:4529: g++ -c   conftest.cc >&5
configure:4535: $? = 0
configure:4538: test -z 			 || test ! -s conftest.err
configure:4541: $? = 0
configure:4544: test -s conftest.o
configure:4547: $? = 0
configure:4560: result: yes
configure:4566: checking whether g++ accepts -g
configure:4587: g++ -c -g  conftest.cc >&5
configure:4593: $? = 0
configure:4596: test -z 			 || test ! -s conftest.err
configure:4599: $? = 0
configure:4602: test -s conftest.o
configure:4605: $? = 0
configure:4616: result: yes
configure:4658: g++ -c -g -O2  conftest.cc >&5
configure:4664: $? = 0
configure:4667: test -z 			 || test ! -s conftest.err
configure:4670: $? = 0
configure:4673: test -s conftest.o
configure:4676: $? = 0
configure:4702: g++ -c -g -O2  conftest.cc >&5
conftest.cc: In function `int main()':
conftest.cc:26: error: `exit' undeclared (first use this function)
conftest.cc:26: error: (Each undeclared identifier is reported only once for 
   each function it appears in.)
configure:4708: $? = 1
configure: failed program was:
| /* confdefs.h.  */
| 
| #define PACKAGE_NAME "Unikey X Input Method"
| #define PACKAGE_TARNAME "x-unikey"
| #define PACKAGE_VERSION "0.9.1"
| #define PACKAGE_STRING "Unikey X Input Method 0.9.1"
| #define PACKAGE_BUGREPORT "longcz@yahoo.com"
| #define PACKAGE "x-unikey"
| #define VERSION "0.9.1"
| #define STDC_HEADERS 1
| #define HAVE_SYS_TYPES_H 1
| #define HAVE_SYS_STAT_H 1
| #define HAVE_STDLIB_H 1
| #define HAVE_STRING_H 1
| #define HAVE_MEMORY_H 1
| #define HAVE_STRINGS_H 1
| #define HAVE_INTTYPES_H 1
| #define HAVE_STDINT_H 1
| #define HAVE_UNISTD_H 1
| #define HAVE_DLFCN_H 1
| /* end confdefs.h.  */
| 
| int
| main ()
| {
| exit (42);
|   ;
|   return 0;
| }
configure:4658: g++ -c -g -O2  conftest.cc >&5
configure:4664: $? = 0
configure:4667: test -z 			 || test ! -s conftest.err
configure:4670: $? = 0
configure:4673: test -s conftest.o
configure:4676: $? = 0
configure:4702: g++ -c -g -O2  conftest.cc >&5
configure:4708: $? = 0
configure:4711: test -z 			 || test ! -s conftest.err
configure:4714: $? = 0
configure:4717: test -s conftest.o
configure:4720: $? = 0
configure:4745: checking dependency style of g++
configure:4828: result: gcc3
configure:4850: checking how to run the C++ preprocessor
configure:4881: g++ -E  conftest.cc
configure:4887: $? = 0
configure:4919: g++ -E  conftest.cc
conftest.cc:25:28: ac_nonexistent.h: No such file or directory
configure:4925: $? = 1
configure: failed program was:
| /* confdefs.h.  */
| 
| #define PACKAGE_NAME "Unikey X Input Method"
| #define PACKAGE_TARNAME "x-unikey"
| #define PACKAGE_VERSION "0.9.1"
| #define PACKAGE_STRING "Unikey X Input Method 0.9.1"
| #define PACKAGE_BUGREPORT "longcz@yahoo.com"
| #define PACKAGE "x-unikey"
| #define VERSION "0.9.1"
| #define STDC_HEADERS 1
| #define HAVE_SYS_TYPES_H 1
| #define HAVE_SYS_STAT_H 1
| #define HAVE_STDLIB_H 1
| #define HAVE_STRING_H 1
| #define HAVE_MEMORY_H 1
| #define HAVE_STRINGS_H 1
| #define HAVE_INTTYPES_H 1
| #define HAVE_STDINT_H 1
| #define HAVE_UNISTD_H 1
| #define HAVE_DLFCN_H 1
| #ifdef __cplusplus
| extern "C" void std::exit (int) throw (); using std::exit;
| #endif
| /* end confdefs.h.  */
| #include <ac_nonexistent.h>
configure:4964: result: g++ -E
configure:4988: g++ -E  conftest.cc
configure:4994: $? = 0
configure:5026: g++ -E  conftest.cc
conftest.cc:25:28: ac_nonexistent.h: No such file or directory
configure:5032: $? = 1
configure: failed program was:
| /* confdefs.h.  */
| 
| #define PACKAGE_NAME "Unikey X Input Method"
| #define PACKAGE_TARNAME "x-unikey"
| #define PACKAGE_VERSION "0.9.1"
| #define PACKAGE_STRING "Unikey X Input Method 0.9.1"
| #define PACKAGE_BUGREPORT "longcz@yahoo.com"
| #define PACKAGE "x-unikey"
| #define VERSION "0.9.1"
| #define STDC_HEADERS 1
| #define HAVE_SYS_TYPES_H 1
| #define HAVE_SYS_STAT_H 1
| #define HAVE_STDLIB_H 1
| #define HAVE_STRING_H 1
| #define HAVE_MEMORY_H 1
| #define HAVE_STRINGS_H 1
| #define HAVE_INTTYPES_H 1
| #define HAVE_STDINT_H 1
| #define HAVE_UNISTD_H 1
| #define HAVE_DLFCN_H 1
| #ifdef __cplusplus
| extern "C" void std::exit (int) throw (); using std::exit;
| #endif
| /* end confdefs.h.  */
| #include <ac_nonexistent.h>
configure:5127: checking for g77
configure:5156: result: no
configure:5127: checking for f77
configure:5156: result: no
configure:5127: checking for xlf
configure:5156: result: no
configure:5127: checking for frt
configure:5156: result: no
configure:5127: checking for pgf77
configure:5156: result: no
configure:5127: checking for fort77
configure:5156: result: no
configure:5127: checking for fl32
configure:5156: result: no
configure:5127: checking for af77
configure:5156: result: no
configure:5127: checking for f90
configure:5156: result: no
configure:5127: checking for xlf90
configure:5156: result: no
configure:5127: checking for pgf90
configure:5156: result: no
configure:5127: checking for epcf90
configure:5156: result: no
configure:5127: checking for f95
configure:5156: result: no
configure:5127: checking for fort
configure:5156: result: no
configure:5127: checking for xlf95
configure:5156: result: no
configure:5127: checking for ifc
configure:5156: result: no
configure:5127: checking for efc
configure:5156: result: no
configure:5127: checking for pgf95
configure:5156: result: no
configure:5127: checking for lf95
configure:5156: result: no
configure:5127: checking for gfortran
configure:5156: result: no
configure:5171: checking for Fortran 77 compiler version
configure:5171:  --version </dev/null >&5
./configure: line 1: --version: command not found
configure:5174: $? = 127
configure:5176:  -v </dev/null >&5
./configure: line 1: -v: command not found
configure:5179: $? = 127
configure:5181:  -V </dev/null >&5
./configure: line 1: -V: command not found
configure:5184: $? = 127
configure:5192: checking whether we are using the GNU Fortran 77 compiler
configure:5206:  -c  conftest.F >&5
./configure: line 1: -c: command not found
configure:5212: $? = 127
configure: failed program was:
|       program main
| #ifndef __GNUC__
|        choke me
| #endif
| 
|       end
configure:5237: result: no
configure:5243: checking whether  accepts -g
configure:5255:  -c -g conftest.f >&5
./configure: line 1: -c: command not found
configure:5261: $? = 127
configure: failed program was:
|       program main
| 
|       end
configure:5285: result: no
configure:5315: checking the maximum length of command line arguments
configure:5380: result: 32768
configure:5391: checking command to parse /usr/bin/nm -B output from gcc object
configure:5480: gcc -c -g -O2  conftest.c >&5
configure:5483: $? = 0
configure:5487: /usr/bin/nm -B conftest.o \| sed -n -e 's/^.*[ 	]\([ABCDGIRSTW][ABCDGIRSTW]*\)[ 	][ 	]*\(\)\([_A-Za-z][_A-Za-z0-9]*\)$/\1 \2\3 \3/p' \> conftest.nm
configure:5490: $? = 0
configure:5542: gcc -o conftest -g -O2   conftest.c conftstm.o >&5
configure:5545: $? = 0
configure:5583: result: ok
configure:5587: checking for objdir
configure:5602: result: .libs
configure:5692: checking for ar
configure:5708: found /usr/bin/ar
configure:5719: result: ar
configure:5772: checking for ranlib
configure:5788: found /usr/bin/ranlib
configure:5799: result: ranlib
configure:5852: checking for strip
configure:5868: found /usr/bin/strip
configure:5879: result: strip
configure:6141: checking if gcc static flag  works
configure:6164: result: yes
configure:6182: checking if gcc supports -fno-rtti -fno-exceptions
configure:6203: gcc -c -g -O2  -fno-rtti -fno-exceptions conftest.c >&5
cc1: warning: "-fno-rtti" is valid for C++ but not for C/ObjC
configure:6207: $? = 0
configure:6215: result: no
configure:6230: checking for gcc option to produce PIC
configure:6407: result: -fPIC
configure:6415: checking if gcc PIC flag -fPIC works
configure:6436: gcc -c -g -O2  -fPIC -DPIC conftest.c >&5
configure:6440: $? = 0
configure:6448: result: yes
configure:6472: checking if gcc supports -c -o file.o
configure:6503: gcc -c -g -O2  -o out/conftest2.o conftest.c >&5
configure:6507: $? = 0
configure:6524: result: yes
configure:6550: checking whether the gcc linker (/usr/bin/ld) supports shared libraries
configure:7396: result: yes
configure:7422: checking whether -lc should be explicitly linked in
configure:7427: gcc -c -g -O2  conftest.c >&5
configure:7430: $? = 0
configure:7444: gcc -shared conftest.o  -v -Wl,-soname -Wl,conftest -o conftest 2\>\&1 \| grep  -lc  \>/dev/null 2\>\&1
configure:7447: $? = 0
configure:7459: result: no
configure:7467: checking dynamic linker characteristics
configure:8007: result: GNU/Linux ld.so
configure:8011: checking how to hardcode library paths into programs
configure:8036: result: immediate
configure:8050: checking whether stripping libraries is possible
configure:8055: result: yes
configure:8878: checking if libtool supports shared libraries
configure:8880: result: yes
configure:8883: checking whether to build shared libraries
configure:8941: result: yes
configure:8944: checking whether to build static libraries
configure:8948: result: yes
configure:9040: creating libtool
configure:9587: checking for ld used by g++
configure:9654: result: /usr/bin/ld
configure:9663: checking if the linker (/usr/bin/ld) is GNU ld
configure:9678: result: yes
configure:9729: checking whether the g++ linker (/usr/bin/ld) supports shared libraries
configure:10555: result: yes
configure:10573: g++ -c -g -O2  conftest.cc >&5
configure:10576: $? = 0
configure:10672: checking for g++ option to produce PIC
configure:10924: result: -fPIC
configure:10932: checking if g++ PIC flag -fPIC works
configure:10953: g++ -c -g -O2  -fPIC -DPIC conftest.cc >&5
configure:10957: $? = 0
configure:10965: result: yes
configure:10989: checking if g++ supports -c -o file.o
configure:11020: g++ -c -g -O2  -o out/conftest2.o conftest.cc >&5
configure:11024: $? = 0
configure:11041: result: yes
configure:11067: checking whether the g++ linker (/usr/bin/ld) supports shared libraries
configure:11092: result: yes
configure:11163: checking dynamic linker characteristics
configure:11703: result: GNU/Linux ld.so
configure:11707: checking how to hardcode library paths into programs
configure:11732: result: immediate
configure:11746: checking whether stripping libraries is possible
configure:11751: result: yes
configure:19078: checking for C++ compiler version
configure:19081: g++ --version </dev/null >&5
g++ (GCC) 3.3.2 (Debian)
Copyright (C) 2003 Free Software Foundation, Inc.
This is free software; see the source for copying conditions.  There is NO
warranty; not even for MERCHANTABILITY or FITNESS FOR A PARTICULAR PURPOSE.

configure:19084: $? = 0
configure:19086: g++ -v </dev/null >&5
Reading specs from /usr/lib/gcc-lib/i486-linux/3.3.2/specs
Configured with: ../src/configure -v --enable-languages=c,c++,java,f77,pascal,objc,ada,treelang --prefix=/usr --mandir=/usr/share/man --infodir=/usr/share/info --with-gxx-include-dir=/usr/include/c++/3.3 --enable-shared --with-system-zlib --enable-nls --without-included-gettext --enable-__cxa_atexit --enable-clocale=gnu --enable-debug --enable-java-gc=boehm --enable-java-awt=xlib --enable-objc-gc i486-linux
Thread model: posix
gcc version 3.3.2 (Debian)
configure:19089: $? = 0
configure:19091: g++ -V </dev/null >&5
g++: `-V' option must have argument
configure:19094: $? = 1
configure:19097: checking whether we are using the GNU C++ compiler
configure:19152: result: yes
configure:19158: checking whether g++ accepts -g
configure:19208: result: yes
configure:19250: g++ -c -g -O2  conftest.cc >&5
configure:19256: $? = 0
configure:19259: test -z 			 || test ! -s conftest.err
configure:19262: $? = 0
configure:19265: test -s conftest.o
configure:19268: $? = 0
configure:19294: g++ -c -g -O2  conftest.cc >&5
configure:19300: $? = 0
configure:19303: test -z 			 || test ! -s conftest.err
configure:19306: $? = 0
configure:19309: test -s conftest.o
configure:19312: $? = 0
configure:19337: checking dependency style of g++
configure:19420: result: gcc3
configure:19483: checking for gcc
configure:19509: result: gcc
configure:19753: checking for C compiler version
configure:19756: gcc --version </dev/null >&5
gcc (GCC) 3.3.2 (Debian)
Copyright (C) 2003 Free Software Foundation, Inc.
This is free software; see the source for copying conditions.  There is NO
warranty; not even for MERCHANTABILITY or FITNESS FOR A PARTICULAR PURPOSE.

configure:19759: $? = 0
configure:19761: gcc -v </dev/null >&5
Reading specs from /usr/lib/gcc-lib/i486-linux/3.3.2/specs
Configured with: ../src/configure -v --enable-languages=c,c++,java,f77,pascal,objc,ada,treelang --prefix=/usr --mandir=/usr/share/man --infodir=/usr/share/info --with-gxx-include-dir=/usr/include/c++/3.3 --enable-shared --with-system-zlib --enable-nls --without-included-gettext --enable-__cxa_atexit --enable-clocale=gnu --enable-debug --enable-java-gc=boehm --enable-java-awt=xlib --enable-objc-gc i486-linux
Thread model: posix
gcc version 3.3.2 (Debian)
configure:19764: $? = 0
configure:19766: gcc -V </dev/null >&5
gcc: `-V' option must have argument
configure:19769: $? = 1
configure:19772: checking whether we are using the GNU C compiler
configure:19827: result: yes
configure:19833: checking whether gcc accepts -g
configure:19883: result: yes
configure:19900: checking for gcc option to accept ANSI C
configure:20006: result: none needed
configure:20024: gcc -c -g -O2  conftest.c >&5
conftest.c:2: error: parse error before "me"
configure:20030: $? = 1
configure: failed program was:
| #ifndef __cplusplus
|   choke me
| #endif
configure:20162: checking dependency style of gcc
configure:20245: result: gcc3
configure:20267: checking how to run the C preprocessor
configure:20385: result: gcc -E
configure:20409: gcc -E  conftest.c
configure:20415: $? = 0
configure:20447: gcc -E  conftest.c
conftest.c:25:28: ac_nonexistent.h: No such file or directory
configure:20453: $? = 1
configure: failed program was:
| /* confdefs.h.  */
| 
| #define PACKAGE_NAME "Unikey X Input Method"
| #define PACKAGE_TARNAME "x-unikey"
| #define PACKAGE_VERSION "0.9.1"
| #define PACKAGE_STRING "Unikey X Input Method 0.9.1"
| #define PACKAGE_BUGREPORT "longcz@yahoo.com"
| #define PACKAGE "x-unikey"
| #define VERSION "0.9.1"
| #define STDC_HEADERS 1
| #define HAVE_SYS_TYPES_H 1
| #define HAVE_SYS_STAT_H 1
| #define HAVE_STDLIB_H 1
| #define HAVE_STRING_H 1
| #define HAVE_MEMORY_H 1
| #define HAVE_STRINGS_H 1
| #define HAVE_INTTYPES_H 1
| #define HAVE_STDINT_H 1
| #define HAVE_UNISTD_H 1
| #define HAVE_DLFCN_H 1
| #ifdef __cplusplus
| extern "C" void std::exit (int) throw (); using std::exit;
| #endif
| /* end confdefs.h.  */
| #include <ac_nonexistent.h>
configure:20509: checking for a BSD-compatible install
configure:20564: result: /usr/bin/install -c
configure:20575: checking whether ln -s works
configure:20579: result: yes
configure:20586: checking whether make sets $(MAKE)
configure:20606: result: yes
configure:20656: checking for ranlib
configure:20683: result: ranlib
configure:20697: checking for some Win32 platform
configure:20707: result: no
configure:20722: checking for ANSI C header files
configure:20874: result: yes
configure:20884: checking for X
configure:21113: result: libraries /usr/X11R6/lib, headers /usr/X11R6/include
configure:21117: checking for sys/wait.h that is POSIX.1 compatible
configure:21148: gcc -c -g -O2  conftest.c >&5
configure:21154: $? = 0
configure:21157: test -z 			 || test ! -s conftest.err
configure:21160: $? = 0
configure:21163: test -s conftest.o
configure:21166: $? = 0
configure:21177: result: yes
configure:21210: checking fcntl.h usability
configure:21222: gcc -c -g -O2  conftest.c >&5
configure:21228: $? = 0
configure:21231: test -z 			 || test ! -s conftest.err
configure:21234: $? = 0
configure:21237: test -s conftest.o
configure:21240: $? = 0
configure:21250: result: yes
configure:21254: checking fcntl.h presence
configure:21264: gcc -E  conftest.c
configure:21270: $? = 0
configure:21290: result: yes
configure:21325: checking for fcntl.h
configure:21332: result: yes
configure:21210: checking libintl.h usability
configure:21222: gcc -c -g -O2  conftest.c >&5
configure:21228: $? = 0
configure:21231: test -z 			 || test ! -s conftest.err
configure:21234: $? = 0
configure:21237: test -s conftest.o
configure:21240: $? = 0
configure:21250: result: yes
configure:21254: checking libintl.h presence
configure:21264: gcc -E  conftest.c
configure:21270: $? = 0
configure:21290: result: yes
configure:21325: checking for libintl.h
configure:21332: result: yes
configure:21210: checking locale.h usability
configure:21222: gcc -c -g -O2  conftest.c >&5
configure:21228: $? = 0
configure:21231: test -z 			 || test ! -s conftest.err
configure:21234: $? = 0
configure:21237: test -s conftest.o
configure:21240: $? = 0
configure:21250: result: yes
configure:21254: checking locale.h presence
configure:21264: gcc -E  conftest.c
configure:21270: $? = 0
configure:21290: result: yes
configure:21325: checking for locale.h
configure:21332: result: yes
configure:21210: checking malloc.h usability
configure:21222: gcc -c -g -O2  conftest.c >&5
configure:21228: $? = 0
configure:21231: test -z 			 || test ! -s conftest.err
configure:21234: $? = 0
configure:21237: test -s conftest.o
configure:21240: $? = 0
configure:21250: result: yes
configure:21254: checking malloc.h presence
configure:21264: gcc -E  conftest.c
configure:21270: $? = 0
configure:21290: result: yes
configure:21325: checking for malloc.h
configure:21332: result: yes
configure:21201: checking for memory.h
configure:21206: result: yes
configure:21210: checking stddef.h usability
configure:21222: gcc -c -g -O2  conftest.c >&5
configure:21228: $? = 0
configure:21231: test -z 			 || test ! -s conftest.err
configure:21234: $? = 0
configure:21237: test -s conftest.o
configure:21240: $? = 0
configure:21250: result: yes
configure:21254: checking stddef.h presence
configure:21264: gcc -E  conftest.c
configure:21270: $? = 0
configure:21290: result: yes
configure:21325: checking for stddef.h
configure:21332: result: yes
configure:21201: checking for stdlib.h
configure:21206: result: yes
configure:21201: checking for string.h
configure:21206: result: yes
configure:21210: checking sys/param.h usability
configure:21222: gcc -c -g -O2  conftest.c >&5
configure:21228: $? = 0
configure:21231: test -z 			 || test ! -s conftest.err
configure:21234: $? = 0
configure:21237: test -s conftest.o
configure:21240: $? = 0
configure:21250: result: yes
configure:21254: checking sys/param.h presence
configure:21264: gcc -E  conftest.c
configure:21270: $? = 0
configure:21290: result: yes
configure:21325: checking for sys/param.h
configure:21332: result: yes
configure:21201: checking for unistd.h
configure:21206: result: yes
configure:21347: checking for an ANSI C-conforming const
configure:21414: gcc -c -g -O2  conftest.c >&5
configure:21420: $? = 0
configure:21423: test -z 			 || test ! -s conftest.err
configure:21426: $? = 0
configure:21429: test -s conftest.o
configure:21432: $? = 0
configure:21443: result: yes
configure:21453: checking for inline
configure:21474: gcc -c -g -O2  conftest.c >&5
configure:21480: $? = 0
configure:21483: test -z 			 || test ! -s conftest.err
configure:21486: $? = 0
configure:21489: test -s conftest.o
configure:21492: $? = 0
configure:21504: result: inline
configure:21523: checking for pid_t
configure:21547: gcc -c -g -O2  conftest.c >&5
configure:21553: $? = 0
configure:21556: test -z 			 || test ! -s conftest.err
configure:21559: $? = 0
configure:21562: test -s conftest.o
configure:21565: $? = 0
configure:21576: result: yes
configure:21756: gcc -o conftest -g -O2   conftest.c   -L/usr/X11R6/lib -lX11 >&5
configure:21762: $? = 0
configure:21765: test -z 			 || test ! -s conftest.err
configure:21768: $? = 0
configure:21771: test -s conftest
configure:21774: $? = 0
configure:21930: checking for gethostbyname
configure:21987: gcc -o conftest -g -O2   conftest.c  >&5
configure:21993: $? = 0
configure:21996: test -z 			 || test ! -s conftest.err
configure:21999: $? = 0
configure:22002: test -s conftest
configure:22005: $? = 0
configure:22017: result: yes
configure:22166: checking for connect
configure:22223: gcc -o conftest -g -O2   conftest.c  >&5
configure:22229: $? = 0
configure:22232: test -z 			 || test ! -s conftest.err
configure:22235: $? = 0
configure:22238: test -s conftest
configure:22241: $? = 0
configure:22253: result: yes
configure:22327: checking for remove
configure:22384: gcc -o conftest -g -O2   conftest.c  >&5
configure:22390: $? = 0
configure:22393: test -z 			 || test ! -s conftest.err
configure:22396: $? = 0
configure:22399: test -s conftest
configure:22402: $? = 0
configure:22414: result: yes
configure:22488: checking for shmat
configure:22545: gcc -o conftest -g -O2   conftest.c  >&5
configure:22551: $? = 0
configure:22554: test -z 			 || test ! -s conftest.err
configure:22557: $? = 0
configure:22560: test -s conftest
configure:22563: $? = 0
configure:22575: result: yes
configure:22658: checking for IceConnectionNumber in -lICE
configure:22688: gcc -o conftest -g -O2   -L/usr/X11R6/lib conftest.c -lICE   >&5
configure:22694: $? = 0
configure:22697: test -z 			 || test ! -s conftest.err
configure:22700: $? = 0
configure:22703: test -s conftest
configure:22706: $? = 0
configure:22719: result: yes
configure:22737: checking for unistd.h
configure:22742: result: yes
configure:22746: checking vfork.h usability
configure:22758: gcc -c -g -O2  conftest.c >&5
conftest.c:72:19: vfork.h: No such file or directory
configure:22764: $? = 1
configure: failed program was:
| /* confdefs.h.  */
| 
| #define PACKAGE_NAME "Unikey X Input Method"
| #define PACKAGE_TARNAME "x-unikey"
| #define PACKAGE_VERSION "0.9.1"
| #define PACKAGE_STRING "Unikey X Input Method 0.9.1"
| #define PACKAGE_BUGREPORT "longcz@yahoo.com"
| #define PACKAGE "x-unikey"
| #define VERSION "0.9.1"
| #define STDC_HEADERS 1
| #define HAVE_SYS_TYPES_H 1
| #define HAVE_SYS_STAT_H 1
| #define HAVE_STDLIB_H 1
| #define HAVE_STRING_H 1
| #define HAVE_MEMORY_H 1
| #define HAVE_STRINGS_H 1
| #define HAVE_INTTYPES_H 1
| #define HAVE_STDINT_H 1
| #define HAVE_UNISTD_H 1
| #define HAVE_DLFCN_H 1
| #ifdef __cplusplus
| extern "C" void std::exit (int) throw (); using std::exit;
| #endif
| #define STDC_HEADERS 1
| #define HAVE_SYS_WAIT_H 1
| #define HAVE_FCNTL_H 1
| #define HAVE_LIBINTL_H 1
| #define HAVE_LOCALE_H 1
| #define HAVE_MALLOC_H 1
| #define HAVE_MEMORY_H 1
| #define HAVE_STDDEF_H 1
| #define HAVE_STDLIB_H 1
| #define HAVE_STRING_H 1
| #define HAVE_SYS_PARAM_H 1
| #define HAVE_UNISTD_H 1
| #define HAVE_UNISTD_H 1
| /* end confdefs.h.  */
| #include <stdio.h>
| #if HAVE_SYS_TYPES_H
| # include <sys/types.h>
| #endif
| #if HAVE_SYS_STAT_H
| # include <sys/stat.h>
| #endif
| #if STDC_HEADERS
| # include <stdlib.h>
| # include <stddef.h>
| #else
| # if HAVE_STDLIB_H
| #  include <stdlib.h>
| # endif
| #endif
| #if HAVE_STRING_H
| # if !STDC_HEADERS && HAVE_MEMORY_H
| #  include <memory.h>
| # endif
| # include <string.h>
| #endif
| #if HAVE_STRINGS_H
| # include <strings.h>
| #endif
| #if HAVE_INTTYPES_H
| # include <inttypes.h>
| #else
| # if HAVE_STDINT_H
| #  include <stdint.h>
| # endif
| #endif
| #if HAVE_UNISTD_H
| # include <unistd.h>
| #endif
| #include <vfork.h>
configure:22786: result: no
configure:22790: checking vfork.h presence
configure:22800: gcc -E  conftest.c
conftest.c:38:19: vfork.h: No such file or directory
configure:22806: $? = 1
configure: failed program was:
| /* confdefs.h.  */
| 
| #define PACKAGE_NAME "Unikey X Input Method"
| #define PACKAGE_TARNAME "x-unikey"
| #define PACKAGE_VERSION "0.9.1"
| #define PACKAGE_STRING "Unikey X Input Method 0.9.1"
| #define PACKAGE_BUGREPORT "longcz@yahoo.com"
| #define PACKAGE "x-unikey"
| #define VERSION "0.9.1"
| #define STDC_HEADERS 1
| #define HAVE_SYS_TYPES_H 1
| #define HAVE_SYS_STAT_H 1
| #define HAVE_STDLIB_H 1
| #define HAVE_STRING_H 1
| #define HAVE_MEMORY_H 1
| #define HAVE_STRINGS_H 1
| #define HAVE_INTTYPES_H 1
| #define HAVE_STDINT_H 1
| #define HAVE_UNISTD_H 1
| #define HAVE_DLFCN_H 1
| #ifdef __cplusplus
| extern "C" void std::exit (int) throw (); using std::exit;
| #endif
| #define STDC_HEADERS 1
| #define HAVE_SYS_WAIT_H 1
| #define HAVE_FCNTL_H 1
| #define HAVE_LIBINTL_H 1
| #define HAVE_LOCALE_H 1
| #define HAVE_MALLOC_H 1
| #define HAVE_MEMORY_H 1
| #define HAVE_STDDEF_H 1
| #define HAVE_STDLIB_H 1
| #define HAVE_STRING_H 1
| #define HAVE_SYS_PARAM_H 1
| #define HAVE_UNISTD_H 1
| #define HAVE_UNISTD_H 1
| /* end confdefs.h.  */
| #include <vfork.h>
configure:22826: result: no
configure:22861: checking for vfork.h
configure:22868: result: no
configure:22886: checking for fork
configure:22943: gcc -o conftest -g -O2   conftest.c  >&5
configure:22949: $? = 0
configure:22952: test -z 			 || test ! -s conftest.err
configure:22955: $? = 0
configure:22958: test -s conftest
configure:22961: $? = 0
configure:22973: result: yes
configure:22886: checking for vfork
configure:22943: gcc -o conftest -g -O2   conftest.c  >&5
configure:22949: $? = 0
configure:22952: test -z 			 || test ! -s conftest.err
configure:22955: $? = 0
configure:22958: test -s conftest
configure:22961: $? = 0
configure:22973: result: yes
configure:22984: checking for working fork
configure:23007: gcc -o conftest -g -O2   conftest.c  >&5
configure:23010: $? = 0
configure:23012: ./conftest
configure:23015: $? = 0
configure:23029: result: yes
configure:23050: checking for working vfork
configure:23183: result: yes
configure:23219: checking for stdlib.h
configure:23224: result: yes
configure:23363: checking for GNU libc compatible malloc
configure:23392: gcc -o conftest -g -O2   conftest.c  >&5
configure:23395: $? = 0
configure:23397: ./conftest
configure:23400: $? = 0
configure:23414: result: yes
configure:23444: checking return type of signal handlers
configure:23475: gcc -c -g -O2  conftest.c >&5
configure:23481: $? = 0
configure:23484: test -z 			 || test ! -s conftest.err
configure:23487: $? = 0
configure:23490: test -s conftest.o
configure:23493: $? = 0
configure:23504: result: void
configure:23524: checking for gethostname
configure:23581: gcc -o conftest -g -O2   conftest.c  >&5
configure:23587: $? = 0
configure:23590: test -z 			 || test ! -s conftest.err
configure:23593: $? = 0
configure:23596: test -s conftest
configure:23599: $? = 0
configure:23611: result: yes
configure:23524: checking for memmove
configure:23581: gcc -o conftest -g -O2   conftest.c  >&5
configure:23587: $? = 0
configure:23590: test -z 			 || test ! -s conftest.err
configure:23593: $? = 0
configure:23596: test -s conftest
configure:23599: $? = 0
configure:23611: result: yes
configure:23524: checking for memset
configure:23581: gcc -o conftest -g -O2   conftest.c  >&5
conftest.c:71: warning: conflicting types for built-in function `memset'
configure:23587: $? = 0
configure:23590: test -z 			 || test ! -s conftest.err
configure:23593: $? = 0
configure:23596: test -s conftest
configure:23599: $? = 0
configure:23611: result: yes
configure:23524: checking for setlocale
configure:23581: gcc -o conftest -g -O2   conftest.c  >&5
configure:23587: $? = 0
configure:23590: test -z 			 || test ! -s conftest.err
configure:23593: $? = 0
configure:23596: test -s conftest
configure:23599: $? = 0
configure:23611: result: yes
configure:23524: checking for strcasecmp
configure:23581: gcc -o conftest -g -O2   conftest.c  >&5
configure:23587: $? = 0
configure:23590: test -z 			 || test ! -s conftest.err
configure:23593: $? = 0
configure:23596: test -s conftest
configure:23599: $? = 0
configure:23611: result: yes
configure:23524: checking for strchr
configure:23581: gcc -o conftest -g -O2   conftest.c  >&5
conftest.c:74: warning: conflicting types for built-in function `strchr'
configure:23587: $? = 0
configure:23590: test -z 			 || test ! -s conftest.err
configure:23593: $? = 0
configure:23596: test -s conftest
configure:23599: $? = 0
configure:23611: result: yes
configure:23524: checking for strdup
configure:23581: gcc -o conftest -g -O2   conftest.c  >&5
configure:23587: $? = 0
configure:23590: test -z 			 || test ! -s conftest.err
configure:23593: $? = 0
configure:23596: test -s conftest
configure:23599: $? = 0
configure:23611: result: yes
configure:23524: checking for strrchr
configure:23581: gcc -o conftest -g -O2   conftest.c  >&5
conftest.c:76: warning: conflicting types for built-in function `strrchr'
configure:23587: $? = 0
configure:23590: test -z 			 || test ! -s conftest.err
configure:23593: $? = 0
configure:23596: test -s conftest
configure:23599: $? = 0
configure:23611: result: yes
configure:23524: checking for strtol
configure:23581: gcc -o conftest -g -O2   conftest.c  >&5
configure:23587: $? = 0
configure:23590: test -z 			 || test ! -s conftest.err
configure:23593: $? = 0
configure:23596: test -s conftest
configure:23599: $? = 0
configure:23611: result: yes
configure:23649: checking for pkg-config
configure:23667: found /usr/bin/pkg-config
configure:23680: result: /usr/bin/pkg-config
configure:23697: checking for gtk+-2.0 >= 2.2.0
configure:23701: result: yes
configure:23705: checking GTK_CFLAGS
configure:23708: result: -I/usr/include/gtk-2.0 -I/usr/lib/gtk-2.0/include -I/usr/include/atk-1.0 -I/usr/include/pango-1.0 -I/usr/include/freetype2 -I/usr/X11R6/include -I/usr/include/glib-2.0 -I/usr/lib/glib-2.0/include  
configure:23711: checking GTK_LIBS
configure:23714: result: -Wl,--export-dynamic -lgtk-x11-2.0 -lgdk-x11-2.0 -latk-1.0 -lgdk_pixbuf-2.0 -lm -lpangoxft-1.0 -lpangox-1.0 -lpango-1.0 -lgobject-2.0 -lgmodule-2.0 -ldl -lglib-2.0  
configure:23742: checking gtk version
configure:23745: result: 2.2.0
configure:23749: checking gtk prefix
configure:23752: result: /usr
configure:23756: checking gtk libdir
configure:23759: result: /usr/lib
configure:23763: checking whether make is GNU Make
configure:23770: result: yes
configure:23788: checking for locale.h
configure:23793: result: yes
configure:23933: checking for LC_MESSAGES
configure:23954: gcc -o conftest -g -O2   conftest.c  >&5
configure:23960: $? = 0
configure:23963: test -z 			 || test ! -s conftest.err
configure:23966: $? = 0
configure:23969: test -s conftest
configure:23972: $? = 0
configure:23984: result: yes
configure:24004: checking for libintl.h
configure:24009: result: yes
configure:24146: checking for dgettext in libc
configure:24169: gcc -o conftest -g -O2   conftest.c  >&5
configure:24175: $? = 0
configure:24178: test -z 			 || test ! -s conftest.err
configure:24181: $? = 0
configure:24184: test -s conftest
configure:24187: $? = 0
configure:24200: result: yes
configure:24208: checking for bind_textdomain_codeset
configure:24265: gcc -o conftest -g -O2   conftest.c  >&5
configure:24271: $? = 0
configure:24274: test -z 			 || test ! -s conftest.err
configure:24277: $? = 0
configure:24280: test -s conftest
configure:24283: $? = 0
configure:24295: result: yes
configure:24663: checking for msgfmt
configure:24690: result: /usr/bin/msgfmt
configure:24703: checking for dcgettext
configure:24760: gcc -o conftest -g -O2   conftest.c   >&5
configure:24766: $? = 0
configure:24769: test -z 			 || test ! -s conftest.err
configure:24772: $? = 0
configure:24775: test -s conftest
configure:24778: $? = 0
configure:24790: result: yes
configure:24802: checking for gmsgfmt
configure:24833: result: /usr/bin/msgfmt
configure:24842: checking for xgettext
configure:24869: result: /usr/bin/xgettext
configure:24893: gcc -o conftest -g -O2   conftest.c   >&5
configure:24899: $? = 0
configure:24902: test -z 			 || test ! -s conftest.err
configure:24905: $? = 0
configure:24908: test -s conftest
configure:24911: $? = 0
configure:25324: creating ./config.status

## ---------------------- ##
## Running config.status. ##
## ---------------------- ##

This file was extended by Unikey X Input Method config.status 0.9.1, which was
generated by GNU Autoconf 2.59.  Invocation command line was

  CONFIG_FILES    = 
  CONFIG_HEADERS  = 
  CONFIG_LINKS    = 
  CONFIG_COMMANDS = 
  $ ./config.status 

on long.sh.cvut.cz

config.status:794: creating Makefile
config.status:794: creating src/Makefile
config.status:794: creating src/ukengine/Makefile
config.status:794: creating src/unikey-gtk/Makefile
config.status:794: creating src/IMdkit/Makefile
config.status:794: creating src/gui/Makefile
config.status:794: creating src/vnconv/Makefile
config.status:794: creating src/xim/Makefile
config.status:860: creating config.h
config.status:1058: config.h is unchanged
config.status:1238: executing depfiles commands
config.status:1238: executing default-1 commands

## ---------------- ##
## Cache variables. ##
## ---------------- ##

ac_cv_build=i686-pc-linux-gnu
ac_cv_build_alias=i686-pc-linux-gnu
ac_cv_c_compiler_gnu=yes
ac_cv_c_const=yes
ac_cv_c_inline=inline
ac_cv_cxx_compiler_gnu=yes
ac_cv_env_CC_set=
ac_cv_env_CC_value=
ac_cv_env_CFLAGS_set=
ac_cv_env_CFLAGS_value=
ac_cv_env_CPPFLAGS_set=
ac_cv_env_CPPFLAGS_value=
ac_cv_env_CPP_set=
ac_cv_env_CPP_value=
ac_cv_env_CXXCPP_set=
ac_cv_env_CXXCPP_value=
ac_cv_env_CXXFLAGS_set=
ac_cv_env_CXXFLAGS_value=
ac_cv_env_CXX_set=
ac_cv_env_CXX_value=
ac_cv_env_F77_set=
ac_cv_env_F77_value=
ac_cv_env_FFLAGS_set=
ac_cv_env_FFLAGS_value=
ac_cv_env_LDFLAGS_set=
ac_cv_env_LDFLAGS_value=
ac_cv_env_build_alias_set=
ac_cv_env_build_alias_value=
ac_cv_env_host_alias_set=
ac_cv_env_host_alias_value=
ac_cv_env_target_alias_set=
ac_cv_env_target_alias_value=
ac_cv_exeext=
ac_cv_f77_compiler_gnu=no
ac_cv_func_bind_textdomain_codeset=yes
ac_cv_func_connect=yes
ac_cv_func_dcgettext=yes
ac_cv_func_fork=yes
ac_cv_func_fork_works=yes
ac_cv_func_gethostbyname=yes
ac_cv_func_gethostname=yes
ac_cv_func_malloc_0_nonnull=yes
ac_cv_func_memmove=yes
ac_cv_func_memset=yes
ac_cv_func_remove=yes
ac_cv_func_setlocale=yes
ac_cv_func_shmat=yes
ac_cv_func_strcasecmp=yes
ac_cv_func_strchr=yes
ac_cv_func_strdup=yes
ac_cv_func_strrchr=yes
ac_cv_func_strtol=yes
ac_cv_func_vfork=yes
ac_cv_func_vfork_works=yes
ac_cv_have_x='have_x=yes 		ac_x_includes=/usr/X11R6/include ac_x_libraries=/usr/X11R6/lib'
ac_cv_header_dlfcn_h=yes
ac_cv_header_fcntl_h=yes
ac_cv_header_inttypes_h=yes
ac_cv_header_libintl_h=yes
ac_cv_header_locale_h=yes
ac_cv_header_malloc_h=yes
ac_cv_header_memory_h=yes
ac_cv_header_stdc=yes
ac_cv_header_stddef_h=yes
ac_cv_header_stdint_h=yes
ac_cv_header_stdlib_h=yes
ac_cv_header_string_h=yes
ac_cv_header_strings_h=yes
ac_cv_header_sys_param_h=yes
ac_cv_header_sys_stat_h=yes
ac_cv_header_sys_types_h=yes
ac_cv_header_sys_wait_h=yes
ac_cv_header_unistd_h=yes
ac_cv_header_vfork_h=no
ac_cv_host=i686-pc-linux-gnu
ac_cv_host_alias=i686-pc-linux-gnu
ac_cv_lib_ICE_IceConnectionNumber=yes
ac_cv_objext=o
ac_cv_path_GMSGFMT=/usr/bin/msgfmt
ac_cv_path_MSGFMT=/usr/bin/msgfmt
ac_cv_path_PKG_CONFIG=/usr/bin/pkg-config
ac_cv_path_XGETTEXT=/usr/bin/xgettext
ac_cv_path_install='/usr/bin/install -c'
ac_cv_prog_AWK=mawk
ac_cv_prog_CPP='gcc -E'
ac_cv_prog_CXXCPP='g++ -E'
ac_cv_prog_ac_ct_AR=ar
ac_cv_prog_ac_ct_CC=gcc
ac_cv_prog_ac_ct_CXX=g++
ac_cv_prog_ac_ct_RANLIB=ranlib
ac_cv_prog_ac_ct_STRIP=strip
ac_cv_prog_cc_g=yes
ac_cv_prog_cc_stdc=
ac_cv_prog_cxx_g=yes
ac_cv_prog_egrep='grep -E'
ac_cv_prog_f77_g=no
ac_cv_prog_make_make_set=yes
ac_cv_type_pid_t=yes
ac_cv_type_signal=void
am_cv_CC_dependencies_compiler_type=gcc3
am_cv_CXX_dependencies_compiler_type=gcc3
am_cv_val_LC_MESSAGES=yes
gt_cv_func_dgettext_libc=yes
gt_cv_func_dgettext_libintl=no
gt_cv_have_gettext=yes
lt_cv_deplibs_check_method=pass_all
lt_cv_file_magic_cmd='$MAGIC_CMD'
lt_cv_file_magic_test_file=
lt_cv_ld_reload_flag=-r
lt_cv_objdir=.libs
lt_cv_path_LD=/usr/bin/ld
lt_cv_path_LDCXX=/usr/bin/ld
lt_cv_path_NM='/usr/bin/nm -B'
lt_cv_path_SED=/bin/sed
lt_cv_prog_compiler_c_o=yes
lt_cv_prog_compiler_c_o_CXX=yes
lt_cv_prog_compiler_rtti_exceptions=no
lt_cv_prog_gnu_ld=yes
lt_cv_prog_gnu_ldcxx=yes
lt_cv_sys_global_symbol_pipe='sed -n -e '\''s/^.*[ 	]\([ABCDGIRSTW][ABCDGIRSTW]*\)[ 	][ 	]*\(\)\([_A-Za-z][_A-Za-z0-9]*\)$/\1 \2\3 \3/p'\'''
lt_cv_sys_global_symbol_to_c_name_address='sed -n -e '\''s/^: \([^ ]*\) $/  {\"\1\", (lt_ptr) 0},/p'\'' -e '\''s/^[BCDEGRST] \([^ ]*\) \([^ ]*\)$/  {"\2", (lt_ptr) \&\2},/p'\'''
lt_cv_sys_global_symbol_to_cdecl='sed -n -e '\''s/^. .* \(.*\)$/extern int \1;/p'\'''
lt_cv_sys_max_cmd_len=32768
lt_lt_cv_prog_compiler_c_o='"yes"'
lt_lt_cv_prog_compiler_c_o_CXX='"yes"'
lt_lt_cv_sys_global_symbol_pipe='"sed -n -e '\''s/^.*[ 	]\\([ABCDGIRSTW][ABCDGIRSTW]*\\)[ 	][ 	]*\\(\\)\\([_A-Za-z][_A-Za-z0-9]*\\)\$/\\1 \\2\\3 \\3/p'\''"'
lt_lt_cv_sys_global_symbol_to_c_name_address='"sed -n -e '\''s/^: \\([^ ]*\\) \$/  {\\\"\\1\\\", (lt_ptr) 0},/p'\'' -e '\''s/^[BCDEGRST] \\([^ ]*\\) \\([^ ]*\\)\$/  {\"\\2\", (lt_ptr) \\&\\2},/p'\''"'
lt_lt_cv_sys_global_symbol_to_cdecl='"sed -n -e '\''s/^. .* \\(.*\\)\$/extern int \\1;/p'\''"'

## ----------------- ##
## Output variables. ##
## ----------------- ##

ACLOCAL='${SHELL} /home/pklong/projects/x-unikey/missing --run aclocal-1.7'
AMDEPBACKSLASH='\'
AMDEP_FALSE='#'
AMDEP_TRUE=''
AMTAR='${SHELL} /home/pklong/projects/x-unikey/missing --run tar'
AR='ar'
AUTOCONF='${SHELL} /home/pklong/projects/x-unikey/missing --run autoconf'
AUTOHEADER='${SHELL} /home/pklong/projects/x-unikey/missing --run autoheader'
AUTOMAKE='${SHELL} /home/pklong/projects/x-unikey/missing --run automake-1.7'
AWK='mawk'
CATALOGS=''
CATOBJEXT='.gmo'
CC='gcc'
CCDEPMODE='depmode=gcc3'
CFLAGS='-g -O2'
COND_UNIKEY_GTK_FALSE='#'
COND_UNIKEY_GTK_TRUE=''
CPP='gcc -E'
CPPFLAGS=''
CXX='g++'
CXXCPP='g++ -E'
CXXDEPMODE='depmode=gcc3'
CXXFLAGS='-g -O2'
CYGPATH_W='echo'
DATADIRNAME='share'
DEFS='-DHAVE_CONFIG_H'
DEPDIR='.deps'
ECHO='echo'
ECHO_C=''
ECHO_N='-n'
ECHO_T=''
EGREP='grep -E'
EXEEXT=''
F77=''
FFLAGS=''
GETTEXT_PACKAGE='gtk20'
GMOFILES=''
GMSGFMT='/usr/bin/msgfmt'
GTK_CFLAGS='-I/usr/include/gtk-2.0 -I/usr/lib/gtk-2.0/include -I/usr/include/atk-1.0 -I/usr/include/pango-1.0 -I/usr/include/freetype2 -I/usr/X11R6/include -I/usr/include/glib-2.0 -I/usr/lib/glib-2.0/include  '
GTK_LIBDIR='/usr/lib'
GTK_LIBS='-Wl,--export-dynamic -lgtk-x11-2.0 -lgdk-x11-2.0 -latk-1.0 -lgdk_pixbuf-2.0 -lm -lpangoxft-1.0 -lpangox-1.0 -lpango-1.0 -lgobject-2.0 -lgmodule-2.0 -ldl -lglib-2.0  '
GTK_PREFIX='/usr'
GTK_VERSION='2.2.0'
INSTALL_DATA='${INSTALL} -m 644'
INSTALL_PROGRAM='${INSTALL}'
INSTALL_SCRIPT='${INSTALL}'
INSTALL_STRIP_PROGRAM='${SHELL} $(install_sh) -c -s'
INSTOBJEXT='.mo'
INTLLIBS=''
LDFLAGS=''
LIBOBJS=''
LIBS=''
LIBTOOL='$(SHELL) $(top_builddir)/libtool'
LN_S='ln -s'
LTLIBOBJS=''
MAKEINFO='${SHELL} /home/pklong/projects/x-unikey/missing --run makeinfo'
MKINSTALLDIRS='./mkinstalldirs'
MSGFMT='/usr/bin/msgfmt'
OBJEXT='o'
PACKAGE='x-unikey'
PACKAGE_BUGREPORT='longcz@yahoo.com'
PACKAGE_NAME='Unikey X Input Method'
PACKAGE_STRING='Unikey X Input Method 0.9.1'
PACKAGE_TARNAME='x-unikey'
PACKAGE_VERSION='0.9.1'
PATH_SEPARATOR=':'
PKG_CONFIG='/usr/bin/pkg-config'
PLATFORM_WIN32_FALSE=''
PLATFORM_WIN32_TRUE='#'
POFILES=''
POSUB='po'
PO_IN_DATADIR_FALSE=''
PO_IN_DATADIR_TRUE=''
RANLIB='ranlib'
SET_MAKE=''
SHELL='/bin/sh'
STRIP='strip'
STRIP_BEGIN='$(strip $(STRIP_DUMMY)'
STRIP_DUMMY=''
STRIP_END=')'
USE_NLS='yes'
VERSION='0.9.1'
XGETTEXT='/usr/bin/xgettext'
X_CFLAGS=' -I/usr/X11R6/include'
X_EXTRA_LIBS=''
X_LIBS=' -L/usr/X11R6/lib'
X_PRE_LIBS=' -lSM -lICE'
ac_ct_AR='ar'
ac_ct_CC='gcc'
ac_ct_CXX='g++'
ac_ct_F77=''
ac_ct_RANLIB='ranlib'
ac_ct_STRIP='strip'
am__fastdepCC_FALSE='#'
am__fastdepCC_TRUE=''
am__fastdepCXX_FALSE='#'
am__fastdepCXX_TRUE=''
am__include='include'
am__leading_dot='.'
am__quote=''
bindir='${exec_prefix}/bin'
build='i686-pc-linux-gnu'
build_alias=''
build_cpu='i686'
build_os='linux-gnu'
build_vendor='pc'
datadir='${prefix}/share'
exec_prefix='${prefix}'
gtk_sysconfdir='/etc/gtk-2.0'
host='i686-pc-linux-gnu'
host_alias=''
host_cpu='i686'
host_os='linux-gnu'
host_vendor='pc'
includedir='${prefix}/include'
infodir='${prefix}/info'
install_sh='/home/pklong/projects/x-unikey/install-sh'
libdir='${exec_prefix}/lib'
libexecdir='${exec_prefix}/libexec'
localstatedir='${prefix}/var'
mandir='${prefix}/man'
oldincludedir='/usr/include'
prefix='/usr/local'
program_transform_name='s,x,x,'
sbindir='${exec_prefix}/sbin'
sharedstatedir='${prefix}/com'
sysconfdir='${prefix}/etc'
target_alias=''
unikey_gtk='yes'

## ----------- ##
## confdefs.h. ##
## ----------- ##

#define ENABLE_NLS 1
#define GETTEXT_PACKAGE "gtk20"
#define GTK_LOCALEDIR "/usr/local/share/locale"
#define HAVE_BIND_TEXTDOMAIN_CODESET 1
#define HAVE_DCGETTEXT 1
#define HAVE_DLFCN_H 1
#define HAVE_FCNTL_H 1
#define HAVE_FORK 1
#define HAVE_GETHOSTNAME 1
#define HAVE_GETTEXT 1
#define HAVE_INTTYPES_H 1
#define HAVE_LC_MESSAGES 1
#define HAVE_LIBINTL_H 1
#define HAVE_LOCALE_H 1
#define HAVE_LOCALE_H 1
#define HAVE_MALLOC 1
#define HAVE_MALLOC_H 1
#define HAVE_MEMMOVE 1
#define HAVE_MEMORY_H 1
#define HAVE_MEMORY_H 1
#define HAVE_MEMSET 1
#define HAVE_SETLOCALE 1
#define HAVE_STDDEF_H 1
#define HAVE_STDINT_H 1
#define HAVE_STDLIB_H 1
#define HAVE_STDLIB_H 1
#define HAVE_STDLIB_H 1
#define HAVE_STRCASECMP 1
#define HAVE_STRCHR 1
#define HAVE_STRDUP 1
#define HAVE_STRINGS_H 1
#define HAVE_STRING_H 1
#define HAVE_STRING_H 1
#define HAVE_STRRCHR 1
#define HAVE_STRTOL 1
#define HAVE_SYS_PARAM_H 1
#define HAVE_SYS_STAT_H 1
#define HAVE_SYS_TYPES_H 1
#define HAVE_SYS_WAIT_H 1
#define HAVE_UNISTD_H 1
#define HAVE_UNISTD_H 1
#define HAVE_UNISTD_H 1
#define HAVE_VFORK 1
#define HAVE_WORKING_FORK 1
#define HAVE_WORKING_VFORK 1
#define PACKAGE "x-unikey"
#define PACKAGE_BUGREPORT "longcz@yahoo.com"
#define PACKAGE_NAME "Unikey X Input Method"
#define PACKAGE_STRING "Unikey X Input Method 0.9.1"
#define PACKAGE_TARNAME "x-unikey"
#define PACKAGE_VERSION "0.9.1"
#define RETSIGTYPE void
#define STDC_HEADERS 1
#define STDC_HEADERS 1
#define VERSION "0.9.1"
#endif
#ifdef __cplusplus
extern "C" void std::exit (int) throw (); using std::exit;

configure: exit 0
